<?xml version="1.0" encoding="UTF-8"?>
<!-- Generated by org.testng.reporters.JUnitXMLReporter -->
<testsuite ignored="0" hostname="DESKTOP-5R2FMKK" failures="0" tests="2" name="Surefire test" time="0.04" errors="0" timestamp="2024-08-23T01:33:22 IST">
  <testcase classname="SeleniumAutomation.TestPractice.TestLoginApplication" name="Login" time="0.006"/>
  <testcase classname="SeleniumAutomation.TestPractice.TestLoginApplication" name="LoginAgaian" time="0.0"/>
</testsuite> <!-- Surefire test -->
