<?xml version="1.0" encoding="UTF-8"?>
<!-- Generated by org.testng.reporters.JUnitXMLReporter -->
<testsuite ignored="0" hostname="DESKTOP-5R2FMKK" failures="0" tests="2" name="Default test" time="24.355" errors="0" timestamp="2024-09-15T01:52:55 IST">
  <testcase classname="SeleniumAutomation.Tests.LoginApplicationTest" name="loginApplication" time="9.62"/>
  <testcase classname="SeleniumAutomation.Tests.ProductCatalogueTest" name="addToCart" time="13.383"/>
</testsuite> <!-- Default test -->
