<?xml version="1.0" encoding="UTF-8"?>
<testng-results ignored="0" total="2" passed="2" failed="0" skipped="0">
  <reporter-output>
  </reporter-output>
  <suite started-at="2024-08-23T01:33:22 IST" name="Surefire suite" finished-at="2024-08-23T01:33:22 IST" duration-ms="40">
    <groups>
    </groups>
    <test started-at="2024-08-23T01:33:22 IST" name="Surefire test" finished-at="2024-08-23T01:33:22 IST" duration-ms="40">
      <class name="SeleniumAutomation.TestPractice.TestLoginApplication">
        <test-method signature="Login()[pri:0, instance:SeleniumAutomation.TestPractice.TestLoginApplication@2dde1bff]" started-at="2024-08-23T01:33:22 IST" name="Login" finished-at="2024-08-23T01:33:22 IST" duration-ms="6" status="PASS">
          <reporter-output>
          </reporter-output>
        </test-method> <!-- Login -->
        <test-method signature="LoginAgaian()[pri:0, instance:SeleniumAutomation.TestPractice.TestLoginApplication@2dde1bff]" started-at="2024-08-23T01:33:22 IST" name="LoginAgaian" finished-at="2024-08-23T01:33:22 IST" duration-ms="0" status="PASS">
          <reporter-output>
          </reporter-output>
        </test-method> <!-- LoginAgaian -->
      </class> <!-- SeleniumAutomation.TestPractice.TestLoginApplication -->
    </test> <!-- Surefire test -->
  </suite> <!-- Surefire suite -->
</testng-results>
