<?xml version="1.0" encoding="UTF-8"?>
<testsuite xmlns:xsi="http://www.w3.org/2001/XMLSchema-instance" xsi:noNamespaceSchemaLocation="https://maven.apache.org/surefire/maven-surefire-plugin/xsd/surefire-test-report.xsd" version="3.0.2" name="SeleniumAutomation.TestPractice.TestLoginApplication" time="0.446" tests="2" errors="0" skipped="0" failures="0">
  <properties>
[...]
</properties>
  <testcase name="Login" classname="SeleniumAutomation.TestPractice.TestLoginApplication" time="0.005">
    <system-out><![CDATA[Run the test
]]></system-out>
    <system-err><![CDATA[SLF4J: Failed to load class "org.slf4j.impl.StaticLoggerBinder".
SLF4J: Defaulting to no-operation (NOP) logger implementation
SLF4J: See http://www.slf4j.org/codes.html#StaticLoggerBinder for further details.
]]></system-err>
  </testcase>
  <testcase name="LoginAgaian" classname="SeleniumAutomation.TestPractice.TestLoginApplication" time="0.002">
    <system-out><![CDATA[Run the test again
]]></system-out>
  </testcase>
</testsuite>