<?xml version="1.0" encoding="UTF-8"?>
<testng-results ignored="0" total="2" passed="2" failed="0" skipped="0">
  <reporter-output>
  </reporter-output>
  <suite started-at="2024-09-15T01:52:31 IST" name="Default suite" finished-at="2024-09-15T01:52:55 IST" duration-ms="24355">
    <groups>
    </groups>
    <test started-at="2024-09-15T01:52:31 IST" name="Default test" finished-at="2024-09-15T01:52:55 IST" duration-ms="24355">
      <class name="SeleniumAutomation.Tests.ProductCatalogueTest">
        <test-method signature="loginApplication(java.lang.String,java.lang.String,java.lang.String)[pri:0, instance:SeleniumAutomation.Tests.ProductCatalogueTest@3cebbb30]" started-at="2024-09-15T01:52:32 IST" name="loginApplication" data-provider="specificData" finished-at="2024-09-15T01:52:42 IST" duration-ms="9620" status="PASS">
          <params>
            <param index="0">
              <value>
                <![CDATA[anshika@gmail.com]]>
              </value>
            </param>
            <param index="1">
              <value>
                <![CDATA[Iamking@000]]>
              </value>
            </param>
            <param index="2">
              <value>
                <![CDATA[Home Page is displayed]]>
              </value>
            </param>
          </params>
          <reporter-output>
          </reporter-output>
        </test-method> <!-- loginApplication -->
        <test-method signature="addToCart(java.lang.String)[pri:0, instance:SeleniumAutomation.Tests.ProductCatalogueTest@3cebbb30]" started-at="2024-09-15T01:52:42 IST" name="addToCart" data-provider="specificData" finished-at="2024-09-15T01:52:55 IST" duration-ms="13383" status="PASS">
          <params>
            <param index="0">
              <value>
                <![CDATA[ADIDAS ORIGINAL]]>
              </value>
            </param>
          </params>
          <reporter-output>
          </reporter-output>
        </test-method> <!-- addToCart -->
      </class> <!-- SeleniumAutomation.Tests.ProductCatalogueTest -->
    </test> <!-- Default test -->
  </suite> <!-- Default suite -->
</testng-results>
